<?xml version="1.0" encoding="UTF-8"?>
<!-- Generated by org.testng.reporters.JUnitXMLReporter -->
<testsuite ignored="0" hostname="DellRajesh" failures="1" tests="1" name="Test04" time="8.368" errors="0" timestamp="2022-05-20T15:13:43 IST">
  <testcase classname="pack01.Test04" name="Test05" time="2.945">
    <failure type="java.lang.AssertionError" message="expected [true] but found [false]">
      <![CDATA[java.lang.AssertionError: expected [true] but found [false]
at pack01.Test04.Test05(Test04.java:39)
at java.base/java.util.ArrayList.forEach(ArrayList.java:1511)
... Removed 31 stack frames]]>
    </failure>
  </testcase> <!-- Test05 -->
</testsuite> <!-- Test04 -->
